[0;34m[22:35:45][0m Test run started
[0;34m[22:35:45][0m Results will be saved to: tests/results/test_run_20251003_223545.log
[0;34m[22:35:45][0m Checking dependencies...
[0;32mâœ“[0m All dependencies found
[0;34m[22:35:45][0m Building test suite...
-- The C compiler identification is GNU 12.2.0
-- The CXX compiler identification is GNU 12.2.0
-- Detecting C compiler ABI info
-- Detecting C compiler ABI info - done
-- Check for working C compiler: /usr/bin/cc - skipped
-- Detecting C compile features
-- Detecting C compile features - done
-- Detecting CXX compiler ABI info
-- Detecting CXX compiler ABI info - done
-- Check for working CXX compiler: /usr/bin/c++ - skipped
-- Detecting CXX compile features
-- Detecting CXX compile features - done
-- Found Python3: /usr/local/bin/python3 (found version "3.15.0") found components: Interpreter 
-- Performing Test CMAKE_HAVE_LIBC_PTHREAD
-- Performing Test CMAKE_HAVE_LIBC_PTHREAD - Success
-- Found Threads: TRUE  
-- Found PkgConfig: /usr/bin/pkg-config (found version "1.8.1") 
-- Checking for module 'fuse3'
--   Found fuse3, version 3.14.0
-- Found ZLIB: /usr/lib/x86_64-linux-gnu/libz.so (found version "1.2.13") 
-- Configuring done
-- Generating done
-- Build files have been written to: /home/nico/WORK_ROOT/RAZOR_repo/build_tests
[  3%] Building C object CMakeFiles/razorfs_lib.dir/home/nico/WORK_ROOT/RAZOR_repo/src/nary_tree_mt.c.o
[  7%] Building C object CMakeFiles/razorfs_lib.dir/home/nico/WORK_ROOT/RAZOR_repo/src/string_table.c.o
[ 11%] Building CXX object _deps/googletest-build/googletest/CMakeFiles/gtest.dir/src/gtest-all.cc.o
[ 19%] Building C object CMakeFiles/razorfs_lib.dir/home/nico/WORK_ROOT/RAZOR_repo/src/shm_persist.c.o
[ 19%] Building C object CMakeFiles/razorfs_lib.dir/home/nico/WORK_ROOT/RAZOR_repo/src/compression.c.o
[ 23%] Building C object CMakeFiles/razorfs_lib.dir/home/nico/WORK_ROOT/RAZOR_repo/src/numa_support.c.o
/home/nico/WORK_ROOT/RAZOR_repo/src/shm_persist.c: In function â€˜shm_tree_initâ€™:
/home/nico/WORK_ROOT/RAZOR_repo/src/shm_persist.c:41:9: warning: unused variable â€˜numa_nodesâ€™ [-Wunused-variable]
   41 |     int numa_nodes = numa_init();
      |         ^~~~~~~~~~
[ 26%] Linking C static library librazorfs_lib.a
[ 26%] Built target razorfs_lib
[ 30%] Linking CXX static library ../../../lib/libgtest.a
[ 30%] Built target gtest
[ 34%] Building CXX object _deps/googletest-build/googletest/CMakeFiles/gtest_main.dir/src/gtest_main.cc.o
[ 38%] Building CXX object _deps/googletest-build/googlemock/CMakeFiles/gmock.dir/src/gmock-all.cc.o
[ 42%] Linking CXX static library ../../../lib/libgtest_main.a
[ 42%] Built target gtest_main
[ 46%] Linking CXX static library ../../../lib/libgmock.a
[ 46%] Built target gmock
[ 50%] Building CXX object CMakeFiles/compression_test.dir/unit/compression_test.cpp.o
[ 57%] Building CXX object CMakeFiles/shm_persist_test.dir/unit/shm_persist_test.cpp.o
[ 57%] Building CXX object CMakeFiles/nary_tree_test.dir/unit/nary_tree_test.cpp.o
[ 61%] Building CXX object _deps/googletest-build/googlemock/CMakeFiles/gmock_main.dir/src/gmock_main.cc.o
[ 69%] Building CXX object CMakeFiles/string_table_test.dir/unit/string_table_test.cpp.o
[ 69%] Building CXX object CMakeFiles/architecture_test.dir/unit/architecture_test.cpp.o
[ 73%] Building CXX object CMakeFiles/integration_test.dir/integration/filesystem_test.cpp.o
[ 76%] Linking CXX static library ../../../lib/libgmock_main.a
[ 76%] Built target gmock_main
[ 80%] Linking CXX executable integration_test
[ 84%] Linking CXX executable shm_persist_test
[ 88%] Linking CXX executable compression_test
[ 92%] Linking CXX executable string_table_test
[ 92%] Built target integration_test
[ 96%] Linking CXX executable nary_tree_test
[ 96%] Built target shm_persist_test
[ 96%] Built target compression_test
[ 96%] Built target string_table_test
[100%] Linking CXX executable architecture_test
[100%] Built target nary_tree_test
[100%] Built target architecture_test
[0;32mâœ“[0m Build successful
[0;34m[22:36:14][0m Running unit tests...
[0;34m[22:36:14][0m   Running string_table_test...
[==========] Running 17 tests from 2 test suites.
[----------] Global test environment set-up.
[----------] 11 tests from StringTableTest
[ RUN      ] StringTableTest.InitializationHeapMode
[       OK ] StringTableTest.InitializationHeapMode (0 ms)
[ RUN      ] StringTableTest.InternSingleString
[       OK ] StringTableTest.InternSingleString (0 ms)
[ RUN      ] StringTableTest.InternDeduplication
[       OK ] StringTableTest.InternDeduplication (0 ms)
[ RUN      ] StringTableTest.InternMultipleStrings
[       OK ] StringTableTest.InternMultipleStrings (0 ms)
[ RUN      ] StringTableTest.InternEmptyString
[       OK ] StringTableTest.InternEmptyString (0 ms)
[ RUN      ] StringTableTest.InternLongString
[       OK ] StringTableTest.InternLongString (0 ms)
[ RUN      ] StringTableTest.GetStats
[       OK ] StringTableTest.GetStats (0 ms)
[ RUN      ] StringTableTest.InvalidParameters
[       OK ] StringTableTest.InvalidParameters (0 ms)
[ RUN      ] StringTableTest.ManyStrings
[       OK ] StringTableTest.ManyStrings (7 ms)
[ RUN      ] StringTableTest.ManyDuplicates
[       OK ] StringTableTest.ManyDuplicates (0 ms)
[ RUN      ] StringTableTest.BoundaryConditions
[       OK ] StringTableTest.BoundaryConditions (0 ms)
[----------] 11 tests from StringTableTest (7 ms total)

[----------] 6 tests from StringTableShmTest
[ RUN      ] StringTableShmTest.InitializationShmMode
[       OK ] StringTableShmTest.InitializationShmMode (0 ms)
[ RUN      ] StringTableShmTest.InternInShmMode
[       OK ] StringTableShmTest.InternInShmMode (0 ms)
[ RUN      ] StringTableShmTest.ShmPersistence
[       OK ] StringTableShmTest.ShmPersistence (0 ms)
[ RUN      ] StringTableShmTest.ShmNoRealloc
[       OK ] StringTableShmTest.ShmNoRealloc (0 ms)
[ RUN      ] StringTableShmTest.InvalidShmParameters
[       OK ] StringTableShmTest.InvalidShmParameters (0 ms)
[ RUN      ] StringTableShmTest.OverflowProtection
[       OK ] StringTableShmTest.OverflowProtection (0 ms)
[----------] 6 tests from StringTableShmTest (0 ms total)

[----------] Global test environment tear-down
[==========] 17 tests from 2 test suites ran. (8 ms total)
[  PASSED  ] 17 tests.
[0;32mâœ“[0m   string_table_test passed
[0;34m[22:36:14][0m   Running nary_tree_test...
[==========] Running 20 tests from 1 test suite.
[----------] Global test environment set-up.
[----------] 20 tests from NaryTreeTest
[ RUN      ] NaryTreeTest.Initialization
[       OK ] NaryTreeTest.Initialization (0 ms)
[ RUN      ] NaryTreeTest.RootNodeExists
[       OK ] NaryTreeTest.RootNodeExists (0 ms)
[ RUN      ] NaryTreeTest.InsertSingleChild
[       OK ] NaryTreeTest.InsertSingleChild (0 ms)
[ RUN      ] NaryTreeTest.InsertMultipleChildren
[       OK ] NaryTreeTest.InsertMultipleChildren (0 ms)
[ RUN      ] NaryTreeTest.FindChild
[       OK ] NaryTreeTest.FindChild (0 ms)
[ RUN      ] NaryTreeTest.FindNonExistentChild
[       OK ] NaryTreeTest.FindNonExistentChild (0 ms)
[ RUN      ] NaryTreeTest.DeleteChild
[       OK ] NaryTreeTest.DeleteChild (0 ms)
[ RUN      ] NaryTreeTest.DeleteNonEmptyDirectory
[       OK ] NaryTreeTest.DeleteNonEmptyDirectory (0 ms)
[ RUN      ] NaryTreeTest.DeleteEmptyDirectory
[       OK ] NaryTreeTest.DeleteEmptyDirectory (0 ms)
[ RUN      ] NaryTreeTest.CreateNestedPath
[       OK ] NaryTreeTest.CreateNestedPath (0 ms)
[ RUN      ] NaryTreeTest.LockRead
[       OK ] NaryTreeTest.LockRead (0 ms)
[ RUN      ] NaryTreeTest.LockWrite
[       OK ] NaryTreeTest.LockWrite (0 ms)
[ RUN      ] NaryTreeTest.InvalidLockIndex
[       OK ] NaryTreeTest.InvalidLockIndex (0 ms)
[ RUN      ] NaryTreeTest.ConcurrentReads
[       OK ] NaryTreeTest.ConcurrentReads (2 ms)
[ RUN      ] NaryTreeTest.ConcurrentInserts
/home/nico/WORK_ROOT/RAZOR_repo/tests/unit/nary_tree_test.cpp:226: Failure
Expected equality of these values:
  success_count.load()
    Which is: 16
  NUM_WRITERS * INSERTS_PER_WRITER
    Which is: 100

/home/nico/WORK_ROOT/RAZOR_repo/tests/unit/nary_tree_test.cpp:235: Failure
Expected: (found) != (0xFFFF), actual: 65535 vs 65535
Missing: thread0_file16.txt

/home/nico/WORK_ROOT/RAZOR_repo/tests/unit/nary_tree_test.cpp:235: Failure
Expected: (found) != (0xFFFF), actual: 65535 vs 65535
Missing: thread0_file17.txt

/home/nico/WORK_ROOT/RAZOR_repo/tests/unit/nary_tree_test.cpp:235: Failure
Expected: (found) != (0xFFFF), actual: 65535 vs 65535
Missing: thread0_file18.txt

/home/nico/WORK_ROOT/RAZOR_repo/tests/unit/nary_tree_test.cpp:235: Failure
Expected: (found) != (0xFFFF), actual: 65535 vs 65535
Missing: thread0_file19.txt

/home/nico/WORK_ROOT/RAZOR_repo/tests/unit/nary_tree_test.cpp:235: Failure
Expected: (found) != (0xFFFF), actual: 65535 vs 65535
Missing: thread1_file0.txt

/home/nico/WORK_ROOT/RAZOR_repo/tests/unit/nary_tree_test.cpp:235: Failure
Expected: (found) != (0xFFFF), actual: 65535 vs 65535
Missing: thread1_file1.txt

/home/nico/WORK_ROOT/RAZOR_repo/tests/unit/nary_tree_test.cpp:235: Failure
Expected: (found) != (0xFFFF), actual: 65535 vs 65535
Missing: thread1_file2.txt

/home/nico/WORK_ROOT/RAZOR_repo/tests/unit/nary_tree_test.cpp:235: Failure
Expected: (found) != (0xFFFF), actual: 65535 vs 65535
Missing: thread1_file3.txt

/home/nico/WORK_ROOT/RAZOR_repo/tests/unit/nary_tree_test.cpp:235: Failure
Expected: (found) != (0xFFFF), actual: 65535 vs 65535
Missing: thread1_file4.txt

/home/nico/WORK_ROOT/RAZOR_repo/tests/unit/nary_tree_test.cpp:235: Failure
Expected: (found) != (0xFFFF), actual: 65535 vs 65535
Missing: thread1_file5.txt

/home/nico/WORK_ROOT/RAZOR_repo/tests/unit/nary_tree_test.cpp:235: Failure
Expected: (found) != (0xFFFF), actual: 65535 vs 65535
Missing: thread1_file6.txt

/home/nico/WORK_ROOT/RAZOR_repo/tests/unit/nary_tree_test.cpp:235: Failure
Expected: (found) != (0xFFFF), actual: 65535 vs 65535
Missing: thread1_file7.txt

/home/nico/WORK_ROOT/RAZOR_repo/tests/unit/nary_tree_test.cpp:235: Failure
Expected: (found) != (0xFFFF), actual: 65535 vs 65535
Missing: thread1_file8.txt

/home/nico/WORK_ROOT/RAZOR_repo/tests/unit/nary_tree_test.cpp:235: Failure
Expected: (found) != (0xFFFF), actual: 65535 vs 65535
Missing: thread1_file9.txt

/home/nico/WORK_ROOT/RAZOR_repo/tests/unit/nary_tree_test.cpp:235: Failure
Expected: (found) != (0xFFFF), actual: 65535 vs 65535
Missing: thread1_file10.txt

/home/nico/WORK_ROOT/RAZOR_repo/tests/unit/nary_tree_test.cpp:235: Failure
Expected: (found) != (0xFFFF), actual: 65535 vs 65535
Missing: thread1_file11.txt

/home/nico/WORK_ROOT/RAZOR_repo/tests/unit/nary_tree_test.cpp:235: Failure
Expected: (found) != (0xFFFF), actual: 65535 vs 65535
Missing: thread1_file12.txt

/home/nico/WORK_ROOT/RAZOR_repo/tests/unit/nary_tree_test.cpp:235: Failure
Expected: (found) != (0xFFFF), actual: 65535 vs 65535
Missing: thread1_file13.txt

/home/nico/WORK_ROOT/RAZOR_repo/tests/unit/nary_tree_test.cpp:235: Failure
Expected: (found) != (0xFFFF), actual: 65535 vs 65535
Missing: thread1_file14.txt

/home/nico/WORK_ROOT/RAZOR_repo/tests/unit/nary_tree_test.cpp:235: Failure
Expected: (found) != (0xFFFF), actual: 65535 vs 65535
Missing: thread1_file15.txt

/home/nico/WORK_ROOT/RAZOR_repo/tests/unit/nary_tree_test.cpp:235: Failure
Expected: (found) != (0xFFFF), actual: 65535 vs 65535
Missing: thread1_file16.txt

/home/nico/WORK_ROOT/RAZOR_repo/tests/unit/nary_tree_test.cpp:235: Failure
Expected: (found) != (0xFFFF), actual: 65535 vs 65535
Missing: thread1_file17.txt

/home/nico/WORK_ROOT/RAZOR_repo/tests/unit/nary_tree_test.cpp:235: Failure
Expected: (found) != (0xFFFF), actual: 65535 vs 65535
Missing: thread1_file18.txt

/home/nico/WORK_ROOT/RAZOR_repo/tests/unit/nary_tree_test.cpp:235: Failure
Expected: (found) != (0xFFFF), actual: 65535 vs 65535
Missing: thread1_file19.txt

/home/nico/WORK_ROOT/RAZOR_repo/tests/unit/nary_tree_test.cpp:235: Failure
Expected: (found) != (0xFFFF), actual: 65535 vs 65535
Missing: thread2_file0.txt

/home/nico/WORK_ROOT/RAZOR_repo/tests/unit/nary_tree_test.cpp:235: Failure
Expected: (found) != (0xFFFF), actual: 65535 vs 65535
Missing: thread2_file1.txt

/home/nico/WORK_ROOT/RAZOR_repo/tests/unit/nary_tree_test.cpp:235: Failure
Expected: (found) != (0xFFFF), actual: 65535 vs 65535
Missing: thread2_file2.txt

/home/nico/WORK_ROOT/RAZOR_repo/tests/unit/nary_tree_test.cpp:235: Failure
Expected: (found) != (0xFFFF), actual: 65535 vs 65535
Missing: thread2_file3.txt

/home/nico/WORK_ROOT/RAZOR_repo/tests/unit/nary_tree_test.cpp:235: Failure
Expected: (found) != (0xFFFF), actual: 65535 vs 65535
Missing: thread2_file4.txt

/home/nico/WORK_ROOT/RAZOR_repo/tests/unit/nary_tree_test.cpp:235: Failure
Expected: (found) != (0xFFFF), actual: 65535 vs 65535
Missing: thread2_file5.txt

/home/nico/WORK_ROOT/RAZOR_repo/tests/unit/nary_tree_test.cpp:235: Failure
Expected: (found) != (0xFFFF), actual: 65535 vs 65535
Missing: thread2_file6.txt

/home/nico/WORK_ROOT/RAZOR_repo/tests/unit/nary_tree_test.cpp:235: Failure
Expected: (found) != (0xFFFF), actual: 65535 vs 65535
Missing: thread2_file7.txt

/home/nico/WORK_ROOT/RAZOR_repo/tests/unit/nary_tree_test.cpp:235: Failure
Expected: (found) != (0xFFFF), actual: 65535 vs 65535
Missing: thread2_file8.txt

/home/nico/WORK_ROOT/RAZOR_repo/tests/unit/nary_tree_test.cpp:235: Failure
Expected: (found) != (0xFFFF), actual: 65535 vs 65535
Missing: thread2_file9.txt

/home/nico/WORK_ROOT/RAZOR_repo/tests/unit/nary_tree_test.cpp:235: Failure
Expected: (found) != (0xFFFF), actual: 65535 vs 65535
Missing: thread2_file10.txt

/home/nico/WORK_ROOT/RAZOR_repo/tests/unit/nary_tree_test.cpp:235: Failure
Expected: (found) != (0xFFFF), actual: 65535 vs 65535
Missing: thread2_file11.txt

/home/nico/WORK_ROOT/RAZOR_repo/tests/unit/nary_tree_test.cpp:235: Failure
Expected: (found) != (0xFFFF), actual: 65535 vs 65535
Missing: thread2_file12.txt

/home/nico/WORK_ROOT/RAZOR_repo/tests/unit/nary_tree_test.cpp:235: Failure
Expected: (found) != (0xFFFF), actual: 65535 vs 65535
Missing: thread2_file13.txt

/home/nico/WORK_ROOT/RAZOR_repo/tests/unit/nary_tree_test.cpp:235: Failure
Expected: (found) != (0xFFFF), actual: 65535 vs 65535
Missing: thread2_file14.txt

/home/nico/WORK_ROOT/RAZOR_repo/tests/unit/nary_tree_test.cpp:235: Failure
Expected: (found) != (0xFFFF), actual: 65535 vs 65535
Missing: thread2_file15.txt

/home/nico/WORK_ROOT/RAZOR_repo/tests/unit/nary_tree_test.cpp:235: Failure
Expected: (found) != (0xFFFF), actual: 65535 vs 65535
Missing: thread2_file16.txt

/home/nico/WORK_ROOT/RAZOR_repo/tests/unit/nary_tree_test.cpp:235: Failure
Expected: (found) != (0xFFFF), actual: 65535 vs 65535
Missing: thread2_file17.txt

/home/nico/WORK_ROOT/RAZOR_repo/tests/unit/nary_tree_test.cpp:235: Failure
Expected: (found) != (0xFFFF), actual: 65535 vs 65535
Missing: thread2_file18.txt

/home/nico/WORK_ROOT/RAZOR_repo/tests/unit/nary_tree_test.cpp:235: Failure
Expected: (found) != (0xFFFF), actual: 65535 vs 65535
Missing: thread2_file19.txt

/home/nico/WORK_ROOT/RAZOR_repo/tests/unit/nary_tree_test.cpp:235: Failure
Expected: (found) != (0xFFFF), actual: 65535 vs 65535
Missing: thread3_file0.txt

/home/nico/WORK_ROOT/RAZOR_repo/tests/unit/nary_tree_test.cpp:235: Failure
Expected: (found) != (0xFFFF), actual: 65535 vs 65535
Missing: thread3_file1.txt

/home/nico/WORK_ROOT/RAZOR_repo/tests/unit/nary_tree_test.cpp:235: Failure
Expected: (found) != (0xFFFF), actual: 65535 vs 65535
Missing: thread3_file2.txt

/home/nico/WORK_ROOT/RAZOR_repo/tests/unit/nary_tree_test.cpp:235: Failure
Expected: (found) != (0xFFFF), actual: 65535 vs 65535
Missing: thread3_file3.txt

/home/nico/WORK_ROOT/RAZOR_repo/tests/unit/nary_tree_test.cpp:235: Failure
Expected: (found) != (0xFFFF), actual: 65535 vs 65535
Missing: thread3_file4.txt

/home/nico/WORK_ROOT/RAZOR_repo/tests/unit/nary_tree_test.cpp:235: Failure
Expected: (found) != (0xFFFF), actual: 65535 vs 65535
Missing: thread3_file5.txt

/home/nico/WORK_ROOT/RAZOR_repo/tests/unit/nary_tree_test.cpp:235: Failure
Expected: (found) != (0xFFFF), actual: 65535 vs 65535
Missing: thread3_file6.txt

/home/nico/WORK_ROOT/RAZOR_repo/tests/unit/nary_tree_test.cpp:235: Failure
Expected: (found) != (0xFFFF), actual: 65535 vs 65535
Missing: thread3_file7.txt

/home/nico/WORK_ROOT/RAZOR_repo/tests/unit/nary_tree_test.cpp:235: Failure
Expected: (found) != (0xFFFF), actual: 65535 vs 65535
Missing: thread3_file8.txt

/home/nico/WORK_ROOT/RAZOR_repo/tests/unit/nary_tree_test.cpp:235: Failure
Expected: (found) != (0xFFFF), actual: 65535 vs 65535
Missing: thread3_file9.txt

/home/nico/WORK_ROOT/RAZOR_repo/tests/unit/nary_tree_test.cpp:235: Failure
Expected: (found) != (0xFFFF), actual: 65535 vs 65535
Missing: thread3_file10.txt

/home/nico/WORK_ROOT/RAZOR_repo/tests/unit/nary_tree_test.cpp:235: Failure
Expected: (found) != (0xFFFF), actual: 65535 vs 65535
Missing: thread3_file11.txt

/home/nico/WORK_ROOT/RAZOR_repo/tests/unit/nary_tree_test.cpp:235: Failure
Expected: (found) != (0xFFFF), actual: 65535 vs 65535
Missing: thread3_file12.txt

/home/nico/WORK_ROOT/RAZOR_repo/tests/unit/nary_tree_test.cpp:235: Failure
Expected: (found) != (0xFFFF), actual: 65535 vs 65535
Missing: thread3_file13.txt

/home/nico/WORK_ROOT/RAZOR_repo/tests/unit/nary_tree_test.cpp:235: Failure
Expected: (found) != (0xFFFF), actual: 65535 vs 65535
Missing: thread3_file14.txt

/home/nico/WORK_ROOT/RAZOR_repo/tests/unit/nary_tree_test.cpp:235: Failure
Expected: (found) != (0xFFFF), actual: 65535 vs 65535
Missing: thread3_file15.txt

/home/nico/WORK_ROOT/RAZOR_repo/tests/unit/nary_tree_test.cpp:235: Failure
Expected: (found) != (0xFFFF), actual: 65535 vs 65535
Missing: thread3_file16.txt

/home/nico/WORK_ROOT/RAZOR_repo/tests/unit/nary_tree_test.cpp:235: Failure
Expected: (found) != (0xFFFF), actual: 65535 vs 65535
Missing: thread3_file17.txt

/home/nico/WORK_ROOT/RAZOR_repo/tests/unit/nary_tree_test.cpp:235: Failure
Expected: (found) != (0xFFFF), actual: 65535 vs 65535
Missing: thread3_file18.txt

/home/nico/WORK_ROOT/RAZOR_repo/tests/unit/nary_tree_test.cpp:235: Failure
Expected: (found) != (0xFFFF), actual: 65535 vs 65535
Missing: thread3_file19.txt

/home/nico/WORK_ROOT/RAZOR_repo/tests/unit/nary_tree_test.cpp:235: Failure
Expected: (found) != (0xFFFF), actual: 65535 vs 65535
Missing: thread4_file0.txt

/home/nico/WORK_ROOT/RAZOR_repo/tests/unit/nary_tree_test.cpp:235: Failure
Expected: (found) != (0xFFFF), actual: 65535 vs 65535
Missing: thread4_file1.txt

/home/nico/WORK_ROOT/RAZOR_repo/tests/unit/nary_tree_test.cpp:235: Failure
Expected: (found) != (0xFFFF), actual: 65535 vs 65535
Missing: thread4_file2.txt

/home/nico/WORK_ROOT/RAZOR_repo/tests/unit/nary_tree_test.cpp:235: Failure
Expected: (found) != (0xFFFF), actual: 65535 vs 65535
Missing: thread4_file3.txt

/home/nico/WORK_ROOT/RAZOR_repo/tests/unit/nary_tree_test.cpp:235: Failure
Expected: (found) != (0xFFFF), actual: 65535 vs 65535
Missing: thread4_file4.txt

/home/nico/WORK_ROOT/RAZOR_repo/tests/unit/nary_tree_test.cpp:235: Failure
Expected: (found) != (0xFFFF), actual: 65535 vs 65535
Missing: thread4_file5.txt

/home/nico/WORK_ROOT/RAZOR_repo/tests/unit/nary_tree_test.cpp:235: Failure
Expected: (found) != (0xFFFF), actual: 65535 vs 65535
Missing: thread4_file6.txt

/home/nico/WORK_ROOT/RAZOR_repo/tests/unit/nary_tree_test.cpp:235: Failure
Expected: (found) != (0xFFFF), actual: 65535 vs 65535
Missing: thread4_file7.txt

/home/nico/WORK_ROOT/RAZOR_repo/tests/unit/nary_tree_test.cpp:235: Failure
Expected: (found) != (0xFFFF), actual: 65535 vs 65535
Missing: thread4_file8.txt

/home/nico/WORK_ROOT/RAZOR_repo/tests/unit/nary_tree_test.cpp:235: Failure
Expected: (found) != (0xFFFF), actual: 65535 vs 65535
Missing: thread4_file9.txt

/home/nico/WORK_ROOT/RAZOR_repo/tests/unit/nary_tree_test.cpp:235: Failure
Expected: (found) != (0xFFFF), actual: 65535 vs 65535
Missing: thread4_file10.txt

/home/nico/WORK_ROOT/RAZOR_repo/tests/unit/nary_tree_test.cpp:235: Failure
Expected: (found) != (0xFFFF), actual: 65535 vs 65535
Missing: thread4_file11.txt

/home/nico/WORK_ROOT/RAZOR_repo/tests/unit/nary_tree_test.cpp:235: Failure
Expected: (found) != (0xFFFF), actual: 65535 vs 65535
Missing: thread4_file12.txt

/home/nico/WORK_ROOT/RAZOR_repo/tests/unit/nary_tree_test.cpp:235: Failure
Expected: (found) != (0xFFFF), actual: 65535 vs 65535
Missing: thread4_file13.txt

/home/nico/WORK_ROOT/RAZOR_repo/tests/unit/nary_tree_test.cpp:235: Failure
Expected: (found) != (0xFFFF), actual: 65535 vs 65535
Missing: thread4_file14.txt

/home/nico/WORK_ROOT/RAZOR_repo/tests/unit/nary_tree_test.cpp:235: Failure
Expected: (found) != (0xFFFF), actual: 65535 vs 65535
Missing: thread4_file15.txt

/home/nico/WORK_ROOT/RAZOR_repo/tests/unit/nary_tree_test.cpp:235: Failure
Expected: (found) != (0xFFFF), actual: 65535 vs 65535
Missing: thread4_file16.txt

/home/nico/WORK_ROOT/RAZOR_repo/tests/unit/nary_tree_test.cpp:235: Failure
Expected: (found) != (0xFFFF), actual: 65535 vs 65535
Missing: thread4_file17.txt

/home/nico/WORK_ROOT/RAZOR_repo/tests/unit/nary_tree_test.cpp:235: Failure
Expected: (found) != (0xFFFF), actual: 65535 vs 65535
Missing: thread4_file18.txt

/home/nico/WORK_ROOT/RAZOR_repo/tests/unit/nary_tree_test.cpp:235: Failure
Expected: (found) != (0xFFFF), actual: 65535 vs 65535
Missing: thread4_file19.txt

[  FAILED  ] NaryTreeTest.ConcurrentInserts (2 ms)
[ RUN      ] NaryTreeTest.ConcurrentMixedOperations
[       OK ] NaryTreeTest.ConcurrentMixedOperations (0 ms)
[ RUN      ] NaryTreeTest.InvalidParameters
[       OK ] NaryTreeTest.InvalidParameters (0 ms)
[ RUN      ] NaryTreeTest.CapacityLimit
[       OK ] NaryTreeTest.CapacityLimit (0 ms)
[ RUN      ] NaryTreeTest.DeepNesting
[       OK ] NaryTreeTest.DeepNesting (0 ms)
[ RUN      ] NaryTreeTest.ManyChildren
[       OK ] NaryTreeTest.ManyChildren (0 ms)
[----------] 20 tests from NaryTreeTest (6 ms total)

[----------] Global test environment tear-down
[==========] 20 tests from 1 test suite ran. (6 ms total)
[  PASSED  ] 19 tests.
[  FAILED  ] 1 test, listed below:
[  FAILED  ] NaryTreeTest.ConcurrentInserts

 1 FAILED TEST
